<?xml version="1.0" encoding="UTF-8"?>
<!-- Generated by org.testng.reporters.JUnitXMLReporter -->
<testsuite ignored="1" hostname="DESKTOP-CRE3CMG" failures="0" tests="1" name="Default test" time="63.647" errors="0" timestamp="2022-08-18T17:56:03 IST">
  <testcase classname="com.tcw.testcases.TimesheetTest" name="addTimeSheetTest" time="56.296"/>
  <testcase classname="com.tcw.testcases.TimesheetTest" name="addAbsenceTest" time="0.0">
    <ignored/>
  </testcase> <!-- addAbsenceTest -->
</testsuite> <!-- Default test -->
