<?xml version="1.0" encoding="UTF-8"?>
<!-- Generated by org.testng.reporters.JUnitXMLReporter -->
<testsuite ignored="8" hostname="DESKTOP-CRE3CMG" failures="0" tests="9" name="Test" time="318.872" errors="0" timestamp="2022-07-15T18:46:24 IST">
  <testcase classname="com.tcw.testcases.PendingTimesheetRequestsTest" name="timesheetRequestListTest" time="18.1"/>
  <testcase classname="com.tcw.testcases.PossibleClockInErrorsTest" name="possClockInErrListTest" time="18.455"/>
  <testcase classname="com.tcw.testcases.PendingAbsenceRequestsTest" name="timesheetRequestListTest" time="25.536"/>
  <testcase classname="com.tcw.testcases.ShiftSwitchRequestsTest" name="switchScheduleReqTest" time="21.063"/>
  <testcase classname="com.tcw.testcases.TimesheetsToVerifyTest" name="verifiedClockInTest" time="24.867"/>
  <testcase classname="com.tcw.testcases.ReimbursementRequestsTest" name="reimReqSrcTest" time="31.441"/>
  <testcase classname="com.tcw.testcases.SelfRegistrationRequestsTest" name="selfRegUserTest" time="19.9"/>
  <testcase classname="com.tcw.testcases.ScheduledEmployeesTest" name="daySchTest" time="23.531"/>
  <testcase classname="com.tcw.testcases.ClockedInNowTest" name="clockedInNowTest" time="24.061"/>
  <testcase classname="com.tcw.base.BasePage" name="@BeforeSuite settingTheLogs" time="0.0">
    <ignored/>
  </testcase> <!-- @BeforeSuite settingTheLogs -->
  <testcase classname="com.tcw.base.BasePage" name="@BeforeSuite settingTheLogs" time="0.0">
    <ignored/>
  </testcase> <!-- @BeforeSuite settingTheLogs -->
  <testcase classname="com.tcw.base.BasePage" name="@BeforeSuite settingTheLogs" time="0.0">
    <ignored/>
  </testcase> <!-- @BeforeSuite settingTheLogs -->
  <testcase classname="com.tcw.base.BasePage" name="@BeforeSuite settingTheLogs" time="0.0">
    <ignored/>
  </testcase> <!-- @BeforeSuite settingTheLogs -->
  <testcase classname="com.tcw.base.BasePage" name="@BeforeSuite settingTheLogs" time="0.0">
    <ignored/>
  </testcase> <!-- @BeforeSuite settingTheLogs -->
  <testcase classname="com.tcw.base.BasePage" name="@BeforeSuite settingTheLogs" time="0.0">
    <ignored/>
  </testcase> <!-- @BeforeSuite settingTheLogs -->
  <testcase classname="com.tcw.base.BasePage" name="@BeforeSuite settingTheLogs" time="0.0">
    <ignored/>
  </testcase> <!-- @BeforeSuite settingTheLogs -->
  <testcase classname="com.tcw.base.BasePage" name="@BeforeSuite settingTheLogs" time="0.0">
    <ignored/>
  </testcase> <!-- @BeforeSuite settingTheLogs -->
</testsuite> <!-- Test -->
