<?xml version="1.0" encoding="UTF-8"?>
<!-- Generated by org.testng.reporters.JUnitXMLReporter -->
<testsuite ignored="2" hostname="DESKTOP-CRE3CMG" failures="0" tests="3" name="Test" time="152.65" errors="0" timestamp="2022-07-14T18:27:11 IST">
  <testcase classname="com.tcw.testcases.PendingTimesheetRequestsTest" name="timesheetRequestListTest" time="71.041"/>
  <testcase classname="com.tcw.testcases.PendingAbsenceRequestsTest" name="timesheetRequestListTest" time="19.799"/>
  <testcase classname="com.tcw.testcases.ShiftSwitchRequestsTest" name="switchScheduleReqTest" time="23.076"/>
  <testcase classname="com.tcw.base.BasePage" name="@BeforeSuite settingTheLogs" time="0.0">
    <ignored/>
  </testcase> <!-- @BeforeSuite settingTheLogs -->
  <testcase classname="com.tcw.base.BasePage" name="@BeforeSuite settingTheLogs" time="0.0">
    <ignored/>
  </testcase> <!-- @BeforeSuite settingTheLogs -->
</testsuite> <!-- Test -->
