<?xml version="1.0" encoding="UTF-8"?>
<!-- Generated by org.testng.reporters.JUnitXMLReporter -->
<testsuite ignored="1" hostname="DESKTOP-CRE3CMG" failures="1" tests="3" name="Test" time="105.203" errors="0" timestamp="2022-07-08T17:21:49 IST">
  <testcase classname="com.tcw.testcases.DashboardTest" name="addTaskTest" time="19.191"/>
  <testcase classname="com.tcw.testcases.DashboardTest" name="goToPendingTimesheetReqTest" time="22.57"/>
  <testcase classname="com.tcw.testcases.PendingTimesheetRequestsTest" name="timesheetRequestListTest" time="24.289">
    <failure type="java.lang.AssertionError" message="expected [Naxme] but found [Name]">
      <![CDATA[java.lang.AssertionError: expected [Naxme] but found [Name]
at com.tcw.testcases.PendingTimesheetRequestsTest.timesheetRequestListTest(PendingTimesheetRequestsTest.java:22)
at java.base/java.util.ArrayList.forEach(ArrayList.java:1511)
... Removed 33 stack frames]]>
    </failure>
  </testcase> <!-- timesheetRequestListTest -->
  <testcase classname="com.tcw.base.BasePage" name="@BeforeSuite settingTheLogs" time="0.0">
    <ignored/>
  </testcase> <!-- @BeforeSuite settingTheLogs -->
</testsuite> <!-- Test -->
