<?xml version="1.0" encoding="UTF-8"?>
<!-- Generated by org.testng.reporters.JUnitXMLReporter -->
<testsuite ignored="2" hostname="DESKTOP-CRE3CMG" failures="0" tests="4" name="Test" time="129.372" errors="0" timestamp="2022-07-12T19:07:09 IST">
  <testcase classname="com.tcw.testcases.DashboardTest" name="addTaskTest" time="27.038"/>
  <testcase classname="com.tcw.testcases.DashboardTest" name="goToPendingTimesheetReqTest" time="17.193"/>
  <testcase classname="com.tcw.testcases.PendingTimesheetRequestsTest" name="timesheetRequestListTest" time="16.661"/>
  <testcase classname="com.tcw.testcases.PossibleClockInErrorsTest" name="possClockInErrListTest" time="20.243"/>
  <testcase classname="com.tcw.base.BasePage" name="@BeforeSuite settingTheLogs" time="0.0">
    <ignored/>
  </testcase> <!-- @BeforeSuite settingTheLogs -->
  <testcase classname="com.tcw.base.BasePage" name="@BeforeSuite settingTheLogs" time="0.0">
    <ignored/>
  </testcase> <!-- @BeforeSuite settingTheLogs -->
</testsuite> <!-- Test -->
