<?xml version="1.0" encoding="UTF-8"?>
<!-- Generated by org.testng.reporters.JUnitXMLReporter -->
<testsuite ignored="1" hostname="DESKTOP-CRE3CMG" failures="0" tests="3" name="Test" time="65.347" errors="0" timestamp="2022-07-01T18:37:05 IST">
  <testcase classname="com.tcw.testcases.DashboardTest" name="addTaskTest" time="16.556"/>
  <testcase classname="com.tcw.testcases.DashboardTest" name="goToPendingTimesheetReqTest" time="16.916"/>
  <testcase classname="com.tcw.testcases.PendingTimesheetRequestsTest" name="timesheetRequestListTest" time="18.029"/>
  <testcase classname="com.tcw.base.BasePage" name="@BeforeSuite settingTheLogs" time="0.0">
    <ignored/>
  </testcase> <!-- @BeforeSuite settingTheLogs -->
</testsuite> <!-- Test -->
