<?xml version="1.0" encoding="UTF-8"?>
<testng-results ignored="1" total="4" passed="2" failed="1" skipped="0">
  <reporter-output>
    <line>
      <![CDATA[Capturing Screenshot]]>
    </line>
    <line>
      <![CDATA[<a target="_blank" href=Fri_Jul_08_18_34_25_IST_2022.jpg>Screenshot</a>]]>
    </line>
    <line>
      <![CDATA[<br>]]>
    </line>
    <line>
      <![CDATA[<a target="_blank" href=Fri_Jul_08_18_34_25_IST_2022.jpg><img src=Fri_Jul_08_18_34_25_IST_2022.jpg height=200 width=200></img></a>]]>
    </line>
  </reporter-output>
  <suite started-at="2022-07-08T13:03:31Z" name="Suite" finished-at="2022-07-08T13:04:58Z" duration-ms="87031">
    <groups>
    </groups>
    <test started-at="2022-07-08T13:03:31Z" name="Test" finished-at="2022-07-08T13:04:58Z" duration-ms="87031">
      <class name="com.tcw.testcases.DashboardTest">
        <test-method is-config="true" signature="settingTheLogs()[pri:0, instance:com.tcw.testcases.DashboardTest@1a1da881]" started-at="2022-07-08T13:03:31Z" name="settingTheLogs" finished-at="2022-07-08T13:03:31Z" duration-ms="38" status="PASS">
          <reporter-output>
          </reporter-output>
        </test-method> <!-- settingTheLogs -->
        <test-method is-config="true" signature="setUp()[pri:0, instance:com.tcw.testcases.DashboardTest@1a1da881]" started-at="2022-07-08T13:03:31Z" name="setUp" finished-at="2022-07-08T13:03:46Z" duration-ms="15401" status="PASS">
          <reporter-output>
          </reporter-output>
        </test-method> <!-- setUp -->
        <test-method signature="addTaskTest()[pri:1, instance:com.tcw.testcases.DashboardTest@1a1da881]" started-at="2022-07-08T13:03:46Z" name="addTaskTest" finished-at="2022-07-08T13:04:09Z" duration-ms="22691" status="PASS">
          <reporter-output>
          </reporter-output>
        </test-method> <!-- addTaskTest -->
        <test-method is-config="true" signature="tearDown()[pri:0, instance:com.tcw.testcases.DashboardTest@1a1da881]" started-at="2022-07-08T13:04:09Z" name="tearDown" finished-at="2022-07-08T13:04:09Z" duration-ms="436" status="PASS">
          <reporter-output>
          </reporter-output>
        </test-method> <!-- tearDown -->
        <test-method is-config="true" signature="setUp()[pri:0, instance:com.tcw.testcases.DashboardTest@1a1da881]" started-at="2022-07-08T13:04:31Z" name="setUp" finished-at="2022-07-08T13:04:43Z" duration-ms="11506" status="PASS">
          <reporter-output>
          </reporter-output>
        </test-method> <!-- setUp -->
        <test-method signature="goToPendingTimesheetReqTest()[pri:2, instance:com.tcw.testcases.DashboardTest@1a1da881]" started-at="2022-07-08T13:04:43Z" name="goToPendingTimesheetReqTest" finished-at="2022-07-08T13:04:57Z" duration-ms="14715" status="PASS">
          <reporter-output>
          </reporter-output>
        </test-method> <!-- goToPendingTimesheetReqTest -->
        <test-method is-config="true" signature="tearDown()[pri:0, instance:com.tcw.testcases.DashboardTest@1a1da881]" started-at="2022-07-08T13:04:57Z" name="tearDown" finished-at="2022-07-08T13:04:58Z" duration-ms="351" status="PASS">
          <reporter-output>
          </reporter-output>
        </test-method> <!-- tearDown -->
      </class> <!-- com.tcw.testcases.DashboardTest -->
      <class name="com.tcw.testcases.PendingTimesheetRequestsTest">
        <test-method is-config="true" signature="setUp()[pri:0, instance:com.tcw.testcases.PendingTimesheetRequestsTest@5b970f7]" started-at="2022-07-08T13:04:09Z" name="setUp" finished-at="2022-07-08T13:04:21Z" duration-ms="11897" status="PASS">
          <reporter-output>
          </reporter-output>
        </test-method> <!-- setUp -->
        <test-method signature="timesheetRequestListTest()[pri:1, instance:com.tcw.testcases.PendingTimesheetRequestsTest@5b970f7]" started-at="2022-07-08T13:04:21Z" name="timesheetRequestListTest" finished-at="2022-07-08T13:04:25Z" duration-ms="3922" status="FAIL">
          <exception class="org.openqa.selenium.WebDriverException">
            <message>
              <![CDATA[unknown error: cannot determine loading status
from unknown error: unexpected command response
  (Session info: chrome=103.0.5060.114)
Build info: version: '4.1.0', revision: '87802e897b'
System info: host: 'DESKTOP-CRE3CMG', ip: '192.168.1.173', os.name: 'Windows 10', os.arch: 'amd64', os.version: '10.0', java.version: '17'
Driver info: org.openqa.selenium.chrome.ChromeDriver
Command: [dc7abc785180da123f5a2fee31fd43d5, clickElement {id=290b156a-afbd-4884-8129-c8da0f8d0e90}]
Capabilities {acceptInsecureCerts: false, browserName: chrome, browserVersion: 103.0.5060.114, chrome: {chromedriverVersion: 103.0.5060.53 (a1711811edd7..., userDataDir: C:\Users\TECHBR~1\AppData\L...}, goog:chromeOptions: {debuggerAddress: localhost:50715}, javascriptEnabled: true, networkConnectionEnabled: false, pageLoadStrategy: normal, platform: WINDOWS, platformName: WINDOWS, proxy: Proxy(), se:cdp: ws://localhost:50715/devtoo..., se:cdpVersion: 103.0.5060.114, setWindowRect: true, strictFileInteractability: false, timeouts: {implicit: 0, pageLoad: 300000, script: 30000}, unhandledPromptBehavior: dismiss and notify, webauthn:extension:credBlob: true, webauthn:extension:largeBlob: true, webauthn:virtualAuthenticators: true}
Element: [[ChromeDriver: chrome on WINDOWS (dc7abc785180da123f5a2fee31fd43d5)] -> xpath: //div//button[@value='LogIn']]
Session ID: dc7abc785180da123f5a2fee31fd43d5]]>
            </message>
            <full-stacktrace>
              <![CDATA[org.openqa.selenium.WebDriverException: unknown error: cannot determine loading status
from unknown error: unexpected command response
  (Session info: chrome=103.0.5060.114)
Build info: version: '4.1.0', revision: '87802e897b'
System info: host: 'DESKTOP-CRE3CMG', ip: '192.168.1.173', os.name: 'Windows 10', os.arch: 'amd64', os.version: '10.0', java.version: '17'
Driver info: org.openqa.selenium.chrome.ChromeDriver
Command: [dc7abc785180da123f5a2fee31fd43d5, clickElement {id=290b156a-afbd-4884-8129-c8da0f8d0e90}]
Capabilities {acceptInsecureCerts: false, browserName: chrome, browserVersion: 103.0.5060.114, chrome: {chromedriverVersion: 103.0.5060.53 (a1711811edd7..., userDataDir: C:\Users\TECHBR~1\AppData\L...}, goog:chromeOptions: {debuggerAddress: localhost:50715}, javascriptEnabled: true, networkConnectionEnabled: false, pageLoadStrategy: normal, platform: WINDOWS, platformName: WINDOWS, proxy: Proxy(), se:cdp: ws://localhost:50715/devtoo..., se:cdpVersion: 103.0.5060.114, setWindowRect: true, strictFileInteractability: false, timeouts: {implicit: 0, pageLoad: 300000, script: 30000}, unhandledPromptBehavior: dismiss and notify, webauthn:extension:credBlob: true, webauthn:extension:largeBlob: true, webauthn:virtualAuthenticators: true}
Element: [[ChromeDriver: chrome on WINDOWS (dc7abc785180da123f5a2fee31fd43d5)] -> xpath: //div//button[@value='LogIn']]
Session ID: dc7abc785180da123f5a2fee31fd43d5
at java.base/jdk.internal.reflect.NativeConstructorAccessorImpl.newInstance0(Native Method)
at java.base/jdk.internal.reflect.NativeConstructorAccessorImpl.newInstance(NativeConstructorAccessorImpl.java:77)
at java.base/jdk.internal.reflect.DelegatingConstructorAccessorImpl.newInstance(DelegatingConstructorAccessorImpl.java:45)
at java.base/java.lang.reflect.Constructor.newInstanceWithCaller(Constructor.java:499)
at java.base/java.lang.reflect.Constructor.newInstance(Constructor.java:480)
at org.openqa.selenium.remote.codec.w3c.W3CHttpResponseCodec.createException(W3CHttpResponseCodec.java:200)
at org.openqa.selenium.remote.codec.w3c.W3CHttpResponseCodec.decode(W3CHttpResponseCodec.java:133)
at org.openqa.selenium.remote.codec.w3c.W3CHttpResponseCodec.decode(W3CHttpResponseCodec.java:53)
at org.openqa.selenium.remote.HttpCommandExecutor.execute(HttpCommandExecutor.java:184)
at org.openqa.selenium.remote.service.DriverCommandExecutor.invokeExecute(DriverCommandExecutor.java:164)
at org.openqa.selenium.remote.service.DriverCommandExecutor.execute(DriverCommandExecutor.java:139)
at org.openqa.selenium.remote.RemoteWebDriver.execute(RemoteWebDriver.java:559)
at org.openqa.selenium.remote.RemoteWebElement.execute(RemoteWebElement.java:251)
at org.openqa.selenium.remote.RemoteWebElement.click(RemoteWebElement.java:77)
at java.base/jdk.internal.reflect.NativeMethodAccessorImpl.invoke0(Native Method)
at java.base/jdk.internal.reflect.NativeMethodAccessorImpl.invoke(NativeMethodAccessorImpl.java:77)
at java.base/jdk.internal.reflect.DelegatingMethodAccessorImpl.invoke(DelegatingMethodAccessorImpl.java:43)
at java.base/java.lang.reflect.Method.invoke(Method.java:568)
at org.openqa.selenium.support.pagefactory.internal.LocatingElementHandler.invoke(LocatingElementHandler.java:52)
at jdk.proxy2/jdk.proxy2.$Proxy14.click(Unknown Source)
at com.tcw.pages.LoginPage.loginIn(LoginPage.java:48)
at com.tcw.testcases.LogInTest.logIn(LogInTest.java:24)
at com.tcw.testcases.PendingTimesheetRequestsTest.timesheetRequestListTest(PendingTimesheetRequestsTest.java:16)
at java.base/jdk.internal.reflect.NativeMethodAccessorImpl.invoke0(Native Method)
at java.base/jdk.internal.reflect.NativeMethodAccessorImpl.invoke(NativeMethodAccessorImpl.java:77)
at java.base/jdk.internal.reflect.DelegatingMethodAccessorImpl.invoke(DelegatingMethodAccessorImpl.java:43)
at java.base/java.lang.reflect.Method.invoke(Method.java:568)
at org.testng.internal.MethodInvocationHelper.invokeMethod(MethodInvocationHelper.java:124)
at org.testng.internal.Invoker.invokeMethod(Invoker.java:583)
at org.testng.internal.Invoker.invokeTestMethod(Invoker.java:719)
at org.testng.internal.Invoker.invokeTestMethods(Invoker.java:989)
at org.testng.internal.TestMethodWorker.invokeTestMethods(TestMethodWorker.java:125)
at org.testng.internal.TestMethodWorker.run(TestMethodWorker.java:109)
at org.testng.TestRunner.privateRun(TestRunner.java:648)
at org.testng.TestRunner.run(TestRunner.java:505)
at org.testng.SuiteRunner.runTest(SuiteRunner.java:455)
at org.testng.SuiteRunner.runSequentially(SuiteRunner.java:450)
at org.testng.SuiteRunner.privateRun(SuiteRunner.java:415)
at org.testng.SuiteRunner.run(SuiteRunner.java:364)
at org.testng.SuiteRunnerWorker.runSuite(SuiteRunnerWorker.java:52)
at org.testng.SuiteRunnerWorker.run(SuiteRunnerWorker.java:84)
at org.testng.TestNG.runSuitesSequentially(TestNG.java:1208)
at org.testng.TestNG.runSuitesLocally(TestNG.java:1137)
at org.testng.TestNG.runSuites(TestNG.java:1049)
at org.testng.TestNG.run(TestNG.java:1017)
at org.apache.maven.surefire.testng.TestNGExecutor.run(TestNGExecutor.java:295)
at org.apache.maven.surefire.testng.TestNGXmlTestSuite.execute(TestNGXmlTestSuite.java:84)
at org.apache.maven.surefire.testng.TestNGProvider.invoke(TestNGProvider.java:90)
at org.apache.maven.surefire.booter.ForkedBooter.invokeProviderInSameClassLoader(ForkedBooter.java:203)
at org.apache.maven.surefire.booter.ForkedBooter.runSuitesInProcess(ForkedBooter.java:155)
at org.apache.maven.surefire.booter.ForkedBooter.main(ForkedBooter.java:103)
]]>
            </full-stacktrace>
          </exception> <!-- org.openqa.selenium.WebDriverException -->
          <reporter-output>
            <line>
              <![CDATA[Capturing Screenshot]]>
            </line>
            <line>
              <![CDATA[<a target="_blank" href=Fri_Jul_08_18_34_25_IST_2022.jpg>Screenshot</a>]]>
            </line>
            <line>
              <![CDATA[<br>]]>
            </line>
            <line>
              <![CDATA[<a target="_blank" href=Fri_Jul_08_18_34_25_IST_2022.jpg><img src=Fri_Jul_08_18_34_25_IST_2022.jpg height=200 width=200></img></a>]]>
            </line>
          </reporter-output>
        </test-method> <!-- timesheetRequestListTest -->
        <test-method is-config="true" signature="tearDown()[pri:0, instance:com.tcw.testcases.PendingTimesheetRequestsTest@5b970f7]" started-at="2022-07-08T13:04:31Z" name="tearDown" finished-at="2022-07-08T13:04:31Z" duration-ms="409" status="PASS">
          <reporter-output>
          </reporter-output>
        </test-method> <!-- tearDown -->
      </class> <!-- com.tcw.testcases.PendingTimesheetRequestsTest -->
    </test> <!-- Test -->
  </suite> <!-- Suite -->
</testng-results>
