<?xml version="1.0" encoding="UTF-8"?>
<testsuite name="Test"
           tests="3"
           failures="0"
           errors="0"
           skipped="0"
           time="98.189">
  <properties />
  
  
            <testcase name="landingOnEmployeePage" time="27.260" classname="com.tcw.testcases.EmployeeTest" />
                <testcase name="globalSettingTest" time="38.968" classname="com.tcw.testcases.EmployeeTest" />
                <testcase name="reimbursementTest" time="31.961" classname="com.tcw.testcases.EmployeeTest" />
      
</testsuite>
