<?xml version="1.0" encoding="UTF-8"?>
<testng-results ignored="0" total="1" passed="1" failed="0" skipped="0">
  <reporter-output>
  </reporter-output>
  <suite started-at="2022-08-04T17:19:52 IST" name="Default suite" finished-at="2022-08-04T17:20:29 IST" duration-ms="36322">
    <groups>
    </groups>
    <test started-at="2022-08-04T17:19:52 IST" name="Default test" finished-at="2022-08-04T17:20:29 IST" duration-ms="36322">
      <class name="com.tcw.testcases.SupportTest">
        <test-method is-config="true" signature="settingTheLogs()[pri:0, instance:com.tcw.testcases.SupportTest@3daf7722]" started-at="2022-08-04T17:19:52 IST" name="settingTheLogs" finished-at="2022-08-04T17:19:52 IST" duration-ms="52" status="PASS">
          <reporter-output>
          </reporter-output>
        </test-method> <!-- settingTheLogs -->
        <test-method is-config="true" signature="setUp()[pri:0, instance:com.tcw.testcases.SupportTest@3daf7722]" started-at="2022-08-04T17:19:52 IST" name="setUp" finished-at="2022-08-04T17:20:06 IST" duration-ms="13974" status="PASS">
          <reporter-output>
          </reporter-output>
        </test-method> <!-- setUp -->
        <test-method signature="landingOnSupportPage()[pri:1, instance:com.tcw.testcases.SupportTest@3daf7722]" started-at="2022-08-04T17:20:06 IST" name="landingOnSupportPage" finished-at="2022-08-04T17:20:28 IST" duration-ms="21757" status="PASS">
          <reporter-output>
          </reporter-output>
        </test-method> <!-- landingOnSupportPage -->
        <test-method is-config="true" signature="tearDown()[pri:0, instance:com.tcw.testcases.SupportTest@3daf7722]" started-at="2022-08-04T17:20:28 IST" name="tearDown" finished-at="2022-08-04T17:20:29 IST" duration-ms="542" status="PASS">
          <reporter-output>
          </reporter-output>
        </test-method> <!-- tearDown -->
      </class> <!-- com.tcw.testcases.SupportTest -->
    </test> <!-- Default test -->
  </suite> <!-- Default suite -->
</testng-results>
